<?xml version="1.0" encoding="UTF-8"?>
<!-- Generated by org.testng.reporters.JUnitReportReporter -->
<testsuite skipped="0" hostname="LAPTOP-TS2JRQAC" name="com.vn.myanchords_demo.TC_002_Subcriber" tests="1" failures="0" timestamp="06 May 2021 07:32:51 GMT" time="2.150" errors="1">
  <testcase name="testcase_001" time="2.150" classname="com.vn.myanchords_demo.TC_002_Subcriber">
    <error type="org.openqa.selenium.SessionNotCreatedException" message="session not created: This version of ChromeDriver only supports Chrome version 86
Current browser version is 90.0.4430.93 with binary path C:\Program Files (x86)\Google\Chrome\Application\chrome.exe
Build info: version: &#039;3.141.0&#039;, revision: &#039;2ecb7d9a&#039;, time: &#039;2018-10-31T20:09:30&#039;
System info: host: &#039;LAPTOP-TS2JRQAC&#039;, ip: &#039;192.168.1.18&#039;, os.name: &#039;Windows 10&#039;, os.arch: &#039;amd64&#039;, os.version: &#039;10.0&#039;, java.version: &#039;1.8.0_211&#039;
Driver info: driver.version: ChromeDriver
remote stacktrace: Backtrace:
	Ordinal0 [0x0130C013+3194899]
	Ordinal0 [0x011F6021+2056225]
	Ordinal0 [0x0108F608+587272]
	Ordinal0 [0x01011BF3+72691]
	Ordinal0 [0x0100E229+57897]
	Ordinal0 [0x0100C64A+50762]
	Ordinal0 [0x01031EE9+204521]
	Ordinal0 [0x01031D0D+204045]
	Ordinal0 [0x0102FC1B+195611]
	Ordinal0 [0x01013B7F+80767]
	Ordinal0 [0x01014B4E+84814]
	Ordinal0 [0x01014AD9+84697]
	Ordinal0 [0x0120CE64+2149988]
	GetHandleVerifier [0x0147BE95+1400773]
	GetHandleVerifier [0x0147BB61+1399953]
	GetHandleVerifier [0x014831FA+1430314]
	GetHandleVerifier [0x0147C69F+1402831]
	Ordinal0 [0x01203D61+2112865]
	Ordinal0 [0x0120E5CB+2155979]
	Ordinal0 [0x0120E6F5+2156277]
	Ordinal0 [0x0121F26E+2224750]
	BaseThreadInitThunk [0x774DFA29+25]
	RtlGetAppContainerNamedObjectPath [0x77EA7A4E+286]
	RtlGetAppContainerNamedObjectPath [0x77EA7A1E+238]
">
      <![CDATA[org.openqa.selenium.SessionNotCreatedException: session not created: This version of ChromeDriver only supports Chrome version 86
Current browser version is 90.0.4430.93 with binary path C:\Program Files (x86)\Google\Chrome\Application\chrome.exe
Build info: version: '3.141.0', revision: '2ecb7d9a', time: '2018-10-31T20:09:30'
System info: host: 'LAPTOP-TS2JRQAC', ip: '192.168.1.18', os.name: 'Windows 10', os.arch: 'amd64', os.version: '10.0', java.version: '1.8.0_211'
Driver info: driver.version: ChromeDriver
remote stacktrace: Backtrace:
Ordinal0 [0x0130C013+3194899]
Ordinal0 [0x011F6021+2056225]
Ordinal0 [0x0108F608+587272]
Ordinal0 [0x01011BF3+72691]
Ordinal0 [0x0100E229+57897]
Ordinal0 [0x0100C64A+50762]
Ordinal0 [0x01031EE9+204521]
Ordinal0 [0x01031D0D+204045]
Ordinal0 [0x0102FC1B+195611]
Ordinal0 [0x01013B7F+80767]
Ordinal0 [0x01014B4E+84814]
Ordinal0 [0x01014AD9+84697]
Ordinal0 [0x0120CE64+2149988]
GetHandleVerifier [0x0147BE95+1400773]
GetHandleVerifier [0x0147BB61+1399953]
GetHandleVerifier [0x014831FA+1430314]
GetHandleVerifier [0x0147C69F+1402831]
Ordinal0 [0x01203D61+2112865]
Ordinal0 [0x0120E5CB+2155979]
Ordinal0 [0x0120E6F5+2156277]
Ordinal0 [0x0121F26E+2224750]
BaseThreadInitThunk [0x774DFA29+25]
RtlGetAppContainerNamedObjectPath [0x77EA7A4E+286]
RtlGetAppContainerNamedObjectPath [0x77EA7A1E+238]

at sun.reflect.NativeConstructorAccessorImpl.newInstance0(Native Method)
at sun.reflect.NativeConstructorAccessorImpl.newInstance(Unknown Source)
at sun.reflect.DelegatingConstructorAccessorImpl.newInstance(Unknown Source)
at java.lang.reflect.Constructor.newInstance(Unknown Source)
at org.openqa.selenium.remote.W3CHandshakeResponse.lambda$errorHandler$0(W3CHandshakeResponse.java:62)
at org.openqa.selenium.remote.HandshakeResponse.lambda$getResponseFunction$0(HandshakeResponse.java:30)
at org.openqa.selenium.remote.ProtocolHandshake.lambda$createSession$0(ProtocolHandshake.java:123)
at java.util.stream.ReferencePipeline$3$1.accept(Unknown Source)
at java.util.Spliterators$ArraySpliterator.tryAdvance(Unknown Source)
at java.util.stream.ReferencePipeline.forEachWithCancel(Unknown Source)
at java.util.stream.AbstractPipeline.copyIntoWithCancel(Unknown Source)
at java.util.stream.AbstractPipeline.copyInto(Unknown Source)
at java.util.stream.AbstractPipeline.wrapAndCopyInto(Unknown Source)
at java.util.stream.FindOps$FindOp.evaluateSequential(Unknown Source)
at java.util.stream.AbstractPipeline.evaluate(Unknown Source)
at java.util.stream.ReferencePipeline.findFirst(Unknown Source)
at org.openqa.selenium.remote.ProtocolHandshake.createSession(ProtocolHandshake.java:125)
at org.openqa.selenium.remote.ProtocolHandshake.createSession(ProtocolHandshake.java:74)
at org.openqa.selenium.remote.HttpCommandExecutor.execute(HttpCommandExecutor.java:136)
at org.openqa.selenium.remote.service.DriverCommandExecutor.execute(DriverCommandExecutor.java:83)
at org.openqa.selenium.remote.RemoteWebDriver.execute(RemoteWebDriver.java:552)
at org.openqa.selenium.remote.RemoteWebDriver.startSession(RemoteWebDriver.java:213)
at org.openqa.selenium.remote.RemoteWebDriver.<init>(RemoteWebDriver.java:131)
at org.openqa.selenium.chrome.ChromeDriver.<init>(ChromeDriver.java:181)
at org.openqa.selenium.chrome.ChromeDriver.<init>(ChromeDriver.java:168)
at org.openqa.selenium.chrome.ChromeDriver.<init>(ChromeDriver.java:123)
at com.vn.myanchords_demo.TC_002_Subcriber.testcase_001(TC_002_Subcriber.java:13)
at sun.reflect.NativeMethodAccessorImpl.invoke0(Native Method)
at sun.reflect.NativeMethodAccessorImpl.invoke(Unknown Source)
at sun.reflect.DelegatingMethodAccessorImpl.invoke(Unknown Source)
at java.lang.reflect.Method.invoke(Unknown Source)
at org.testng.internal.MethodInvocationHelper.invokeMethod(MethodInvocationHelper.java:124)
at org.testng.internal.Invoker.invokeMethod(Invoker.java:583)
at org.testng.internal.Invoker.invokeTestMethod(Invoker.java:719)
at org.testng.internal.Invoker.invokeTestMethods(Invoker.java:989)
at org.testng.internal.TestMethodWorker.invokeTestMethods(TestMethodWorker.java:125)
at org.testng.internal.TestMethodWorker.run(TestMethodWorker.java:109)
at org.testng.TestRunner.privateRun(TestRunner.java:648)
at org.testng.TestRunner.run(TestRunner.java:505)
at org.testng.SuiteRunner.runTest(SuiteRunner.java:455)
at org.testng.SuiteRunner.runSequentially(SuiteRunner.java:450)
at org.testng.SuiteRunner.privateRun(SuiteRunner.java:415)
at org.testng.SuiteRunner.run(SuiteRunner.java:364)
at org.testng.SuiteRunnerWorker.runSuite(SuiteRunnerWorker.java:52)
at org.testng.SuiteRunnerWorker.run(SuiteRunnerWorker.java:84)
at org.testng.TestNG.runSuitesSequentially(TestNG.java:1208)
at org.testng.TestNG.runSuitesLocally(TestNG.java:1137)
at org.testng.TestNG.runSuites(TestNG.java:1049)
at org.testng.TestNG.run(TestNG.java:1017)
at org.testng.remote.AbstractRemoteTestNG.run(AbstractRemoteTestNG.java:115)
at org.testng.remote.RemoteTestNG.initAndRun(RemoteTestNG.java:251)
at org.testng.remote.RemoteTestNG.main(RemoteTestNG.java:77)
]]>
    </error>
  </testcase> <!-- testcase_001 -->
</testsuite> <!-- com.vn.myanchords_demo.TC_002_Subcriber -->
